<?xml version="1.0" encoding="UTF-8"?>
<!-- Generated by org.testng.reporters.JUnitReportReporter -->
<testsuite hostname="DESKTOP-GJG41J3" failures="0" tests="1" name="UITests.MvnParameterTest" time="0.016" errors="0" timestamp="2025-01-13T09:36:54 IST" skipped="0">
  <testcase classname="UITests.MvnParameterTest" name="test" time="0.016"/>
</testsuite> <!-- UITests.MvnParameterTest -->
