<?xml version="1.0" encoding="UTF-8"?>
<!-- Generated by org.testng.reporters.JUnitReportReporter -->
<testsuite hostname="DESKTOP-GJG41J3" failures="0" tests="1" name="CorrpFilecheck" time="0.022" errors="0" timestamp="2025-01-14T18:48:26 IST" skipped="0">
  <testcase classname="CorrpFilecheck" name="test123" time="0.022"/>
</testsuite> <!-- CorrpFilecheck -->
