<?xml version="1.0" encoding="UTF-8"?>
<!-- Generated by org.testng.reporters.JUnitReportReporter -->
<testsuite hostname="DESKTOP-GJG41J3" failures="0" tests="3" name="UITests.AmazonDropdown" time="207.093" errors="0" timestamp="2025-01-14T20:43:27 IST" skipped="0">
  <testcase classname="UITests.AmazonDropdown" name="AmazonDropdown1" time="70.102"/>
  <testcase classname="UITests.AmazonDropdown" name="AmazonDropdown2" time="69.845"/>
  <testcase classname="UITests.AmazonDropdown" name="AmazonDropdown" time="67.146"/>
</testsuite> <!-- UITests.AmazonDropdown -->
