<?xml version="1.0" encoding="UTF-8"?>
<!-- Generated by org.testng.reporters.JUnitReportReporter -->
<testsuite hostname="DESKTOP-GJG41J3" failures="0" tests="3" name="UITests.AmazonDropdown" time="287.612" errors="0" timestamp="2025-01-15T21:40:43 IST" skipped="0">
  <testcase classname="UITests.AmazonDropdown" name="AmazonDropdown1" time="81.086"/>
  <testcase classname="UITests.AmazonDropdown" name="AmazonDropdown2" time="95.821"/>
  <testcase classname="UITests.AmazonDropdown" name="AmazonDropdown" time="110.705"/>
</testsuite> <!-- UITests.AmazonDropdown -->
