<?xml version="1.0" encoding="UTF-8"?>
<!-- Generated by org.testng.reporters.JUnitReportReporter -->
<testsuite hostname="DESKTOP-GJG41J3" failures="0" tests="3" name="UITests.AmazonDropdown" time="336.803" errors="0" timestamp="2025-01-15T20:16:42 IST" skipped="0">
  <testcase classname="UITests.AmazonDropdown" name="AmazonDropdown1" time="104.780"/>
  <testcase classname="UITests.AmazonDropdown" name="AmazonDropdown2" time="104.734"/>
  <testcase classname="UITests.AmazonDropdown" name="AmazonDropdown" time="127.289"/>
</testsuite> <!-- UITests.AmazonDropdown -->
