<?xml version="1.0" encoding="UTF-8"?>
<!-- Generated by org.testng.reporters.JUnitReportReporter -->
<testsuite hostname="DESKTOP-GJG41J3" failures="0" tests="1" name="UITests.MvnParameterTest" time="0.051" errors="0" timestamp="2025-01-15T20:16:42 IST" skipped="0">
  <testcase classname="UITests.MvnParameterTest" name="test" time="0.051"/>
</testsuite> <!-- UITests.MvnParameterTest -->
